[debug] [2023-06-13T19:21:56.244Z] ----------------------------------------------------------------------
[debug] [2023-06-13T19:21:56.248Z] Command:       C:\Program Files\nodejs\node.exe C:\Program Files\nodejs\node_modules\firebase-tools\lib\bin\firebase.js init hosting
[debug] [2023-06-13T19:21:56.249Z] CLI Version:   12.3.1
[debug] [2023-06-13T19:21:56.250Z] Platform:      win32
[debug] [2023-06-13T19:21:56.250Z] Node Version:  v18.12.0
[debug] [2023-06-13T19:21:56.252Z] Time:          Tue Jun 13 2023 21:21:56 GMT+0200 (Central European Summer Time)
[debug] [2023-06-13T19:21:56.252Z] ----------------------------------------------------------------------
[debug] 
[debug] [2023-06-13T19:21:56.282Z] > command requires scopes: ["email","openid","https://www.googleapis.com/auth/cloudplatformprojects.readonly","https://www.googleapis.com/auth/firebase","https://www.googleapis.com/auth/cloud-platform"]
[debug] [2023-06-13T19:21:56.283Z] > authorizing via signed-in user (stefanidjurovic1@gmail.com)
[info] 
     ######## #### ########  ######## ########     ###     ######  ########
     ##        ##  ##     ## ##       ##     ##  ##   ##  ##       ##
     ######    ##  ########  ######   ########  #########  ######  ######
     ##        ##  ##    ##  ##       ##     ## ##     ##       ## ##
     ##       #### ##     ## ######## ########  ##     ##  ######  ########

You're about to initialize a Firebase project in this directory:

  D:\Stefani\Desktop\Projekti\LinkedIn-SandyLudoski\pics_app

[info] 
=== Project Setup
[info] 
[info] First, let's associate this project directory with a Firebase project.
[info] You can create multiple project aliases by running firebase use --add, 
[info] but for now we'll just set up a default project.
[info] 
[debug] [2023-06-13T19:22:24.583Z] > refreshing access token with scopes: []
[debug] [2023-06-13T19:22:24.588Z] >>> [apiv2][query] POST https://www.googleapis.com/oauth2/v3/token [none]
[debug] [2023-06-13T19:22:24.588Z] >>> [apiv2][body] POST https://www.googleapis.com/oauth2/v3/token [omitted]
[debug] [2023-06-13T19:22:24.848Z] <<< [apiv2][status] POST https://www.googleapis.com/oauth2/v3/token 200
[debug] [2023-06-13T19:22:24.848Z] <<< [apiv2][body] POST https://www.googleapis.com/oauth2/v3/token [omitted]
[debug] [2023-06-13T19:22:25.922Z] >>> [apiv2][query] GET https://firebase.googleapis.com/v1beta1/projects pageSize=100
[debug] [2023-06-13T19:22:26.490Z] <<< [apiv2][status] GET https://firebase.googleapis.com/v1beta1/projects 200
[debug] [2023-06-13T19:22:26.491Z] <<< [apiv2][body] GET https://firebase.googleapis.com/v1beta1/projects [omitted]
[info] i  Using project pixagram-a8ec7 (Pixagram) 
[info] 
=== Hosting Setup
[info] 
[info] Your public directory is the folder (relative to your project directory) that
[info] will contain Hosting assets to be uploaded with firebase deploy. If you
[info] have a build process for your assets, use your build's output directory.
[info] 
[debug] [2023-06-13T19:26:37.694Z] ----------------------------------------------------------------------
[debug] [2023-06-13T19:26:37.699Z] Command:       C:\Program Files\nodejs\node.exe C:\Program Files\nodejs\node_modules\firebase-tools\lib\bin\firebase.js init
[debug] [2023-06-13T19:26:37.699Z] CLI Version:   12.3.1
[debug] [2023-06-13T19:26:37.700Z] Platform:      win32
[debug] [2023-06-13T19:26:37.701Z] Node Version:  v18.12.0
[debug] [2023-06-13T19:26:37.702Z] Time:          Tue Jun 13 2023 21:26:37 GMT+0200 (Central European Summer Time)
[debug] [2023-06-13T19:26:37.703Z] ----------------------------------------------------------------------
[debug] 
[debug] [2023-06-13T19:26:37.725Z] > command requires scopes: ["email","openid","https://www.googleapis.com/auth/cloudplatformprojects.readonly","https://www.googleapis.com/auth/firebase","https://www.googleapis.com/auth/cloud-platform"]
[debug] [2023-06-13T19:26:37.727Z] > authorizing via signed-in user (stefanidjurovic1@gmail.com)
[info] 
     ######## #### ########  ######## ########     ###     ######  ########
     ##        ##  ##     ## ##       ##     ##  ##   ##  ##       ##
     ######    ##  ########  ######   ########  #########  ######  ######
     ##        ##  ##    ##  ##       ##     ## ##     ##       ## ##
     ##       #### ##     ## ######## ########  ##     ##  ######  ########

You're about to initialize a Firebase project in this directory:

  D:\Stefani\Desktop\Projekti\LinkedIn-SandyLudoski\pics_app

[info] 
=== Project Setup
[info] 
[info] First, let's associate this project directory with a Firebase project.
[info] You can create multiple project aliases by running firebase use --add, 
[info] but for now we'll just set up a default project.
[info] 
[debug] [2023-06-13T19:30:15.658Z] >>> [apiv2][query] GET https://firebase.googleapis.com/v1beta1/projects pageSize=100
[debug] [2023-06-13T19:30:16.254Z] <<< [apiv2][status] GET https://firebase.googleapis.com/v1beta1/projects 200
[debug] [2023-06-13T19:30:16.254Z] <<< [apiv2][body] GET https://firebase.googleapis.com/v1beta1/projects [omitted]
[info] i  Using project pixagram-a8ec7 (Pixagram) 
[info] 
=== Firestore Setup
[debug] [2023-06-13T19:30:19.139Z] >>> [apiv2][query] GET https://serviceusage.googleapis.com/v1/projects/pixagram-a8ec7/services/firestore.googleapis.com [none]
[debug] [2023-06-13T19:30:19.140Z] >>> [apiv2][(partial)header] GET https://serviceusage.googleapis.com/v1/projects/pixagram-a8ec7/services/firestore.googleapis.com x-goog-quota-user=projects/pixagram-a8ec7
[debug] [2023-06-13T19:30:20.021Z] <<< [apiv2][status] GET https://serviceusage.googleapis.com/v1/projects/pixagram-a8ec7/services/firestore.googleapis.com 200
[debug] [2023-06-13T19:30:20.022Z] <<< [apiv2][body] GET https://serviceusage.googleapis.com/v1/projects/pixagram-a8ec7/services/firestore.googleapis.com [omitted]
[debug] [2023-06-13T19:30:20.024Z] >>> [apiv2][query] GET https://firestore.googleapis.com/v1/projects/pixagram-a8ec7/databases/(default) [none]
[debug] [2023-06-13T19:30:20.228Z] <<< [apiv2][status] GET https://firestore.googleapis.com/v1/projects/pixagram-a8ec7/databases/(default) 200
[debug] [2023-06-13T19:30:20.229Z] <<< [apiv2][body] GET https://firestore.googleapis.com/v1/projects/pixagram-a8ec7/databases/(default) {"name":"projects/pixagram-a8ec7/databases/(default)","uid":"d5124be7-08c6-4a24-9f31-7e7edb0e6505","createTime":"2023-06-03T11:23:16.349118Z","updateTime":"2023-06-03T11:23:16.349118Z","locationId":"europe-west3","type":"FIRESTORE_NATIVE","concurrencyMode":"PESSIMISTIC","appEngineIntegrationMode":"DISABLED","keyPrefix":"h","deleteProtectionState":"DELETE_PROTECTION_DISABLED","etag":"INHxie39wP8CMJHzjOTmp/8C"}
[debug] [2023-06-13T19:30:20.229Z] database_type: FIRESTORE_NATIVE
[debug] [2023-06-13T19:30:20.229Z] > command requires scopes: ["email","openid","https://www.googleapis.com/auth/cloudplatformprojects.readonly","https://www.googleapis.com/auth/firebase","https://www.googleapis.com/auth/cloud-platform"]
[debug] [2023-06-13T19:30:20.230Z] > authorizing via signed-in user (stefanidjurovic1@gmail.com)
[debug] [2023-06-13T19:30:20.230Z] [iam] checking project pixagram-a8ec7 for permissions ["firebase.projects.get"]
[debug] [2023-06-13T19:30:20.231Z] >>> [apiv2][query] POST https://cloudresourcemanager.googleapis.com/v1/projects/pixagram-a8ec7:testIamPermissions [none]
[debug] [2023-06-13T19:30:20.231Z] >>> [apiv2][(partial)header] POST https://cloudresourcemanager.googleapis.com/v1/projects/pixagram-a8ec7:testIamPermissions x-goog-quota-user=projects/pixagram-a8ec7
[debug] [2023-06-13T19:30:20.231Z] >>> [apiv2][body] POST https://cloudresourcemanager.googleapis.com/v1/projects/pixagram-a8ec7:testIamPermissions {"permissions":["firebase.projects.get"]}
[debug] [2023-06-13T19:30:20.948Z] <<< [apiv2][status] POST https://cloudresourcemanager.googleapis.com/v1/projects/pixagram-a8ec7:testIamPermissions 200
[debug] [2023-06-13T19:30:20.948Z] <<< [apiv2][body] POST https://cloudresourcemanager.googleapis.com/v1/projects/pixagram-a8ec7:testIamPermissions {"permissions":["firebase.projects.get"]}
[info] 
[info] Firestore Security Rules allow you to define how and when to allow
[info] requests. You can keep these rules in your project directory
[info] and publish them with firebase deploy.
[info] 
[debug] [2023-06-13T19:31:53.983Z] >>> [apiv2][query] GET https://firebaserules.googleapis.com/v1/projects/pixagram-a8ec7/releases pageSize=10&pageToken=
[debug] [2023-06-13T19:31:54.799Z] <<< [apiv2][status] GET https://firebaserules.googleapis.com/v1/projects/pixagram-a8ec7/releases 200
[debug] [2023-06-13T19:31:54.799Z] <<< [apiv2][body] GET https://firebaserules.googleapis.com/v1/projects/pixagram-a8ec7/releases {"releases":[{"name":"projects/pixagram-a8ec7/releases/cloud.firestore","rulesetName":"projects/pixagram-a8ec7/rulesets/85c02a82-24ef-468d-8f39-4cf7cec8f456","createTime":"2023-06-03T11:23:21.557498Z","updateTime":"2023-06-09T10:56:56.393082Z"},{"name":"projects/pixagram-a8ec7/releases/firebase.storage/pixagram-a8ec7.appspot.com","rulesetName":"projects/pixagram-a8ec7/rulesets/dc8b03ed-bdd3-4479-8962-47b2d44a3d64","createTime":"2023-06-04T10:48:06.179672Z","updateTime":"2023-06-09T10:58:33.658320Z"}]}
[debug] [2023-06-13T19:31:54.799Z] Found ruleset: projects/pixagram-a8ec7/rulesets/85c02a82-24ef-468d-8f39-4cf7cec8f456
[debug] [2023-06-13T19:31:54.800Z] >>> [apiv2][query] GET https://firebaserules.googleapis.com/v1/projects/pixagram-a8ec7/rulesets/85c02a82-24ef-468d-8f39-4cf7cec8f456 [none]
[debug] [2023-06-13T19:31:55.060Z] <<< [apiv2][status] GET https://firebaserules.googleapis.com/v1/projects/pixagram-a8ec7/rulesets/85c02a82-24ef-468d-8f39-4cf7cec8f456 200
[debug] [2023-06-13T19:31:55.060Z] <<< [apiv2][body] GET https://firebaserules.googleapis.com/v1/projects/pixagram-a8ec7/rulesets/85c02a82-24ef-468d-8f39-4cf7cec8f456 [omitted]
[info] 
[info] Firestore indexes allow you to perform complex queries while
[info] maintaining performance that scales with the size of the result
[info] set. You can keep index definitions in your project directory
[info] and publish them with firebase deploy.
[info] 
[debug] [2023-06-13T19:31:58.008Z] >>> [apiv2][query] GET https://firestore.googleapis.com/v1/projects/pixagram-a8ec7/databases/(default)/collectionGroups/-/indexes [none]
[debug] [2023-06-13T19:31:58.017Z] >>> [apiv2][query] GET https://firestore.googleapis.com/v1/projects/pixagram-a8ec7/databases/(default)/collectionGroups/-/fields?filter=indexConfig.usesAncestorConfig=false OR ttlConfig:* [none]
[debug] [2023-06-13T19:31:58.125Z] <<< [apiv2][status] GET https://firestore.googleapis.com/v1/projects/pixagram-a8ec7/databases/(default)/collectionGroups/-/indexes 200
[debug] [2023-06-13T19:31:58.125Z] <<< [apiv2][body] GET https://firestore.googleapis.com/v1/projects/pixagram-a8ec7/databases/(default)/collectionGroups/-/indexes {}
[debug] [2023-06-13T19:31:58.142Z] <<< [apiv2][status] GET https://firestore.googleapis.com/v1/projects/pixagram-a8ec7/databases/(default)/collectionGroups/-/fields?filter=indexConfig.usesAncestorConfig=false OR ttlConfig:* 200
[debug] [2023-06-13T19:31:58.143Z] <<< [apiv2][body] GET https://firestore.googleapis.com/v1/projects/pixagram-a8ec7/databases/(default)/collectionGroups/-/fields?filter=indexConfig.usesAncestorConfig=false OR ttlConfig:* {"fields":[{"name":"projects/pixagram-a8ec7/databases/(default)/collectionGroups/__default__/fields/*","indexConfig":{"indexes":[{"queryScope":"COLLECTION","fields":[{"fieldPath":"*","order":"ASCENDING"}],"state":"READY"},{"queryScope":"COLLECTION","fields":[{"fieldPath":"*","order":"DESCENDING"}],"state":"READY"},{"queryScope":"COLLECTION","fields":[{"fieldPath":"*","arrayConfig":"CONTAINS"}],"state":"READY"}]}}]}
[info] 
=== Hosting Setup
[info] 
[info] Your public directory is the folder (relative to your project directory) that
[info] will contain Hosting assets to be uploaded with firebase deploy. If you
[info] have a build process for your assets, use your build's output directory.
[info] 
[info] +  Wrote public/404.html 
[debug] [2023-06-13T19:32:36.183Z] >>> [apiv2][query] GET https://www.gstatic.com/firebasejs/releases.json [none]
[debug] [2023-06-13T19:32:36.298Z] <<< [apiv2][status] GET https://www.gstatic.com/firebasejs/releases.json 200
[debug] [2023-06-13T19:32:36.299Z] <<< [apiv2][body] GET https://www.gstatic.com/firebasejs/releases.json {"current":{"version":"9.22.2","browserURL":"https://www.gstatic.com/firebasejs/9.22.2/firebase.js","packageURL":"https://www.gstatic.com/firebasejs/9.22.2/firebase.tgz"},"live":{"version":"9.22","browserURL":"https://www.gstatic.com/firebasejs/live/9.22/firebase.js","packageURL":"https://www.gstatic.com/firebasejs/live/9.22/firebase.tgz"},"components":{"analytics":"https://www.gstatic.com/firebasejs/9.22.2/firebase-analytics.js","app":"https://www.gstatic.com/firebasejs/9.22.2/firebase-app.js","app-check":"https://www.gstatic.com/firebasejs/9.22.2/firebase-app-check.js","auth":"https://www.gstatic.com/firebasejs/9.22.2/firebase-auth.js","auth/cordova":"https://www.gstatic.com/firebasejs/9.22.2/firebase-auth/cordova.js","auth/react-native":"https://www.gstatic.com/firebasejs/9.22.2/firebase-auth/react-native.js","functions":"https://www.gstatic.com/firebasejs/9.22.2/firebase-functions.js","firestore":"https://www.gstatic.com/firebasejs/9.22.2/firebase-firestore.js","firestore/lite":"https://www.gstatic.com/firebasejs/9.22.2/firebase-firestore/lite.js","installations":"https://www.gstatic.com/firebasejs/9.22.2/firebase-installations.js","storage":"https://www.gstatic.com/firebasejs/9.22.2/firebase-storage.js","performance":"https://www.gstatic.com/firebasejs/9.22.2/firebase-performance.js","remote-config":"https://www.gstatic.com/firebasejs/9.22.2/firebase-remote-config.js","messaging":"https://www.gstatic.com/firebasejs/9.22.2/firebase-messaging.js","messaging/sw":"https://www.gstatic.com/firebasejs/9.22.2/firebase-messaging/sw.js","database":"https://www.gstatic.com/firebasejs/9.22.2/firebase-database.js","firestore.memory":"https://www.gstatic.com/firebasejs/9.22.2/firebase-firestore.memory.js"}}
[info] i  Skipping write of public/index.html 
[info] 
[info] i  Detected a .git folder at D:\Stefani\Desktop\Projekti\LinkedIn-SandyLudoski\pics_app 
[info] i  Authorizing with GitHub to upload your service account to a GitHub repository's secrets store. 
[info] 
[info] Visit this URL on this device to log in:
[info] https://github.com/login/oauth/authorize?client_id=89cf50f02ac6aaed3484&state=74845441&redirect_uri=http%3A%2F%2Flocalhost%3A9005&scope=read%3Auser%20repo%20public_repo
[info] 
[info] Waiting for authentication...
[debug] [2023-06-13T19:34:06.651Z] >>> [apiv2][query] POST https://github.com/login/oauth/access_token [none]
[debug] [2023-06-13T19:34:06.652Z] >>> [apiv2][body] POST https://github.com/login/oauth/access_token [stream]
[debug] [2023-06-13T19:34:07.021Z] <<< [apiv2][status] POST https://github.com/login/oauth/access_token 200
[debug] [2023-06-13T19:34:07.022Z] <<< [apiv2][body] POST https://github.com/login/oauth/access_token {"access_token":"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","token_type":"bearer","scope":"read:user,repo"}
[debug] [2023-06-13T19:34:07.307Z] >>> [apiv2][query] GET https://api.github.com/user [none]
[debug] [2023-06-13T19:34:07.596Z] <<< [apiv2][status] GET https://api.github.com/user 200
[debug] [2023-06-13T19:34:07.597Z] <<< [apiv2][body] GET https://api.github.com/user {"login":"StefaniDurovic","id":95530637,"node_id":"U_kgDOBbGujQ","avatar_url":"https://avatars.githubusercontent.com/u/95530637?v=4","gravatar_id":"","url":"https://api.github.com/users/StefaniDurovic","html_url":"https://github.com/StefaniDurovic","followers_url":"https://api.github.com/users/StefaniDurovic/followers","following_url":"https://api.github.com/users/StefaniDurovic/following{/other_user}","gists_url":"https://api.github.com/users/StefaniDurovic/gists{/gist_id}","starred_url":"https://api.github.com/users/StefaniDurovic/starred{/owner}{/repo}","subscriptions_url":"https://api.github.com/users/StefaniDurovic/subscriptions","organizations_url":"https://api.github.com/users/StefaniDurovic/orgs","repos_url":"https://api.github.com/users/StefaniDurovic/repos","events_url":"https://api.github.com/users/StefaniDurovic/events{/privacy}","received_events_url":"https://api.github.com/users/StefaniDurovic/received_events","type":"User","site_admin":false,"name":"Stefani Durovic","company":null,"blog":"","location":"Germany","email":null,"hireable":null,"bio":"Lover of highly-functional and beautiful frontend designs who decided to move from just an app-user to an app-producer. ","twitter_username":null,"public_repos":10,"public_gists":0,"followers":1,"following":13,"created_at":"2021-12-04T12:14:01Z","updated_at":"2023-06-04T08:58:51Z","private_gists":0,"total_private_repos":0,"owned_private_repos":0,"disk_usage":53472,"collaborators":0,"two_factor_authentication":false,"plan":{"name":"pro","space":976562499,"collaborators":0,"private_repos":9999}}
[info] 
[info] +  Success! Logged into GitHub as StefaniDurovic 
[info] 
[debug] [2023-06-13T19:34:57.229Z] >>> [apiv2][query] GET https://api.github.com/repos//actions/secrets/public-key type=owner
[debug] [2023-06-13T19:34:57.962Z] <<< [apiv2][status] GET https://api.github.com/repos//actions/secrets/public-key 404
[debug] [2023-06-13T19:34:57.962Z] <<< [apiv2][body] GET https://api.github.com/repos//actions/secrets/public-key {"message":"Not Found","documentation_url":"https://docs.github.com/rest"}
[info] 
[info] 
[error] !  The provided authorization cannot be used with this repository. If this repository is in an organization, did you remember to grant access? 
[info] 
[info] i  Action required: Visit this URL to ensure access has been granted to the appropriate organization(s) for the Firebase CLI GitHub OAuth App: 
[info] https://github.com/settings/connections/applications/89cf50f02ac6aaed3484
[info] 
